2025-04-15 03:31:25,716 - resource_monitor - INFO - Using environment-specified memory factor: 0.8
2025-04-15 03:31:25,716 - resource_monitor - INFO - Configuring Ray with params: CPUs=10, Memory=6.0GB
2025-04-15 03:31:25,717 - resource_monitor - ERROR - Error initializing Ray with monitoring: Unknown keyword argument(s): _redis_max_memory, _lru_evict
2025-04-15 03:31:31,766 - resource_monitor - INFO - Using environment-specified memory factor: 0.8
2025-04-15 03:31:31,766 - resource_monitor - INFO - Configuring Ray with params: CPUs=10, Memory=6.0GB
2025-04-15 03:31:31,767 - resource_monitor - INFO - Resource monitoring thread started
2025-04-15 03:31:31,767 - resource_monitor - INFO - Resource monitoring started with initial batch size 1000
2025-04-15 03:31:31,872 - resource_monitor - WARNING - Resource usage: CPU=29.1%, Memory=74.3%, Available Memory=1.9GB
2025-04-15 03:31:32,975 - resource_monitor - WARNING - Resource usage: CPU=8.0%, Memory=74.5%, Available Memory=1.9GB
2025-04-15 03:31:34,077 - resource_monitor - WARNING - Resource usage: CPU=0.0%, Memory=74.9%, Available Memory=1.9GB
2025-04-15 03:31:35,179 - resource_monitor - WARNING - Resource usage: CPU=5.7%, Memory=75.0%, Available Memory=1.9GB
2025-04-15 03:31:36,280 - resource_monitor - WARNING - Resource usage: CPU=1.7%, Memory=75.3%, Available Memory=1.9GB
2025-04-15 03:31:37,379 - resource_monitor - WARNING - Resource usage: CPU=3.4%, Memory=75.4%, Available Memory=1.9GB
2025-04-15 03:31:38,482 - resource_monitor - WARNING - Resource usage: CPU=5.0%, Memory=75.5%, Available Memory=1.8GB
2025-04-15 03:31:39,584 - resource_monitor - WARNING - Resource usage: CPU=5.8%, Memory=75.8%, Available Memory=1.8GB
2025-04-15 03:31:40,687 - resource_monitor - WARNING - Resource usage: CPU=22.4%, Memory=76.0%, Available Memory=1.8GB
2025-04-15 03:31:41,788 - resource_monitor - WARNING - Resource usage: CPU=3.3%, Memory=76.1%, Available Memory=1.8GB
2025-04-15 03:31:42,890 - resource_monitor - WARNING - Resource usage: CPU=17.4%, Memory=76.2%, Available Memory=1.8GB
2025-04-15 03:31:43,994 - resource_monitor - WARNING - Resource usage: CPU=2.5%, Memory=76.4%, Available Memory=1.8GB
2025-04-15 03:31:45,096 - resource_monitor - WARNING - Resource usage: CPU=20.3%, Memory=76.6%, Available Memory=1.8GB
2025-04-15 03:31:46,198 - resource_monitor - WARNING - Resource usage: CPU=12.8%, Memory=76.7%, Available Memory=1.8GB
2025-04-15 03:31:47,301 - resource_monitor - WARNING - Resource usage: CPU=12.8%, Memory=76.8%, Available Memory=1.8GB
2025-04-15 03:31:48,409 - resource_monitor - WARNING - Resource usage: CPU=16.4%, Memory=76.8%, Available Memory=1.7GB
2025-04-15 03:31:49,538 - resource_monitor - WARNING - Resource usage: CPU=17.6%, Memory=77.3%, Available Memory=1.7GB
2025-04-15 03:31:50,666 - resource_monitor - WARNING - Resource usage: CPU=9.2%, Memory=78.6%, Available Memory=1.6GB
2025-04-15 03:31:51,793 - resource_monitor - WARNING - Resource usage: CPU=8.1%, Memory=79.4%, Available Memory=1.6GB
2025-04-15 03:31:53,909 - resource_monitor - WARNING - Resource usage: CPU=12.8%, Memory=79.6%, Available Memory=1.5GB
2025-04-15 03:31:55,047 - resource_monitor - WARNING - Resource usage: CPU=18.1%, Memory=79.6%, Available Memory=1.5GB
2025-04-15 03:31:56,715 - resource_monitor - WARNING - Resource usage: CPU=9.4%, Memory=79.8%, Available Memory=1.5GB
2025-04-15 03:31:57,851 - resource_monitor - WARNING - Resource usage: CPU=12.1%, Memory=79.8%, Available Memory=1.5GB
2025-04-15 03:31:59,060 - resource_monitor - WARNING - Resource usage: CPU=9.2%, Memory=79.6%, Available Memory=1.5GB
2025-04-15 03:32:00,178 - resource_monitor - WARNING - Resource usage: CPU=15.6%, Memory=79.6%, Available Memory=1.5GB
2025-04-15 03:32:01,335 - resource_monitor - WARNING - Resource usage: CPU=9.4%, Memory=79.6%, Available Memory=1.5GB
2025-04-15 03:32:02,468 - resource_monitor - WARNING - Resource usage: CPU=9.1%, Memory=79.7%, Available Memory=1.5GB
2025-04-15 03:32:03,569 - resource_monitor - WARNING - Resource usage: CPU=9.9%, Memory=79.7%, Available Memory=1.5GB
2025-04-15 03:32:04,718 - resource_monitor - WARNING - Resource usage: CPU=14.8%, Memory=78.1%, Available Memory=1.7GB
2025-04-15 03:32:05,830 - resource_monitor - WARNING - Resource usage: CPU=6.6%, Memory=78.5%, Available Memory=1.6GB
2025-04-15 03:32:06,928 - resource_monitor - WARNING - Resource usage: CPU=12.2%, Memory=78.6%, Available Memory=1.6GB
2025-04-15 03:32:08,050 - resource_monitor - WARNING - Resource usage: CPU=21.5%, Memory=79.5%, Available Memory=1.5GB
2025-04-15 03:32:09,191 - resource_monitor - WARNING - Resource usage: CPU=25.8%, Memory=80.4%, Available Memory=1.5GB
2025-04-15 03:32:10,314 - resource_monitor - WARNING - Resource usage: CPU=34.6%, Memory=81.3%, Available Memory=1.4GB
2025-04-15 03:32:11,425 - resource_monitor - WARNING - Resource usage: CPU=37.9%, Memory=82.6%, Available Memory=1.3GB
2025-04-15 03:32:12,537 - resource_monitor - WARNING - Resource usage: CPU=43.7%, Memory=83.7%, Available Memory=1.2GB
2025-04-15 03:32:13,638 - resource_monitor - WARNING - Resource usage: CPU=55.6%, Memory=84.8%, Available Memory=1.1GB
2025-04-15 03:32:14,740 - resource_monitor - WARNING - Resource usage: CPU=62.4%, Memory=85.9%, Available Memory=1.1GB
2025-04-15 03:32:15,841 - resource_monitor - WARNING - Resource usage: CPU=71.4%, Memory=86.7%, Available Memory=1.0GB
2025-04-15 03:32:16,947 - resource_monitor - WARNING - Resource usage: CPU=91.0%, Memory=87.7%, Available Memory=0.9GB
2025-04-15 03:32:18,053 - resource_monitor - WARNING - Resource usage: CPU=99.2%, Memory=88.1%, Available Memory=0.9GB
2025-04-15 03:32:19,155 - resource_monitor - WARNING - Resource usage: CPU=100.0%, Memory=89.3%, Available Memory=0.8GB
2025-04-15 03:32:20,256 - resource_monitor - WARNING - Resource usage: CPU=100.0%, Memory=90.2%, Available Memory=0.7GB
2025-04-15 03:32:21,357 - resource_monitor - WARNING - Resource usage: CPU=100.0%, Memory=90.7%, Available Memory=0.7GB
2025-04-15 03:32:22,458 - resource_monitor - WARNING - Resource usage: CPU=100.0%, Memory=91.0%, Available Memory=0.7GB
2025-04-15 03:32:23,559 - resource_monitor - WARNING - Resource usage: CPU=94.1%, Memory=91.3%, Available Memory=0.7GB
2025-04-15 03:32:24,661 - resource_monitor - WARNING - Resource usage: CPU=95.0%, Memory=91.5%, Available Memory=0.6GB
2025-04-15 03:32:25,762 - resource_monitor - WARNING - Resource usage: CPU=86.6%, Memory=91.6%, Available Memory=0.6GB
2025-04-15 03:32:26,863 - resource_monitor - WARNING - Resource usage: CPU=87.6%, Memory=91.5%, Available Memory=0.6GB
2025-04-15 03:32:27,964 - resource_monitor - WARNING - Resource usage: CPU=81.0%, Memory=91.7%, Available Memory=0.6GB
2025-04-15 03:32:29,102 - resource_monitor - WARNING - Resource usage: CPU=75.5%, Memory=91.9%, Available Memory=0.6GB
2025-04-15 03:32:30,240 - resource_monitor - WARNING - Resource usage: CPU=61.8%, Memory=91.9%, Available Memory=0.6GB
2025-04-15 03:32:31,341 - resource_monitor - WARNING - Resource usage: CPU=51.7%, Memory=91.9%, Available Memory=0.6GB
2025-04-15 03:32:32,442 - resource_monitor - WARNING - Resource usage: CPU=44.5%, Memory=92.0%, Available Memory=0.6GB
2025-04-15 03:32:33,543 - resource_monitor - WARNING - Resource usage: CPU=28.6%, Memory=91.9%, Available Memory=0.6GB
2025-04-15 03:32:34,654 - resource_monitor - WARNING - Resource usage: CPU=12.4%, Memory=92.0%, Available Memory=0.6GB
2025-04-15 03:32:35,755 - resource_monitor - WARNING - Resource usage: CPU=9.2%, Memory=92.1%, Available Memory=0.6GB
2025-04-15 03:32:36,855 - resource_monitor - WARNING - Resource usage: CPU=5.0%, Memory=92.1%, Available Memory=0.6GB
2025-04-15 03:32:37,977 - resource_monitor - WARNING - Resource usage: CPU=12.4%, Memory=92.1%, Available Memory=0.6GB
2025-04-15 03:32:39,083 - resource_monitor - WARNING - Resource usage: CPU=18.3%, Memory=92.0%, Available Memory=0.6GB
2025-04-15 03:32:40,184 - resource_monitor - WARNING - Resource usage: CPU=5.8%, Memory=92.1%, Available Memory=0.6GB
2025-04-15 03:32:41,287 - resource_monitor - WARNING - Resource usage: CPU=1.7%, Memory=92.0%, Available Memory=0.6GB
2025-04-15 03:32:42,390 - resource_monitor - WARNING - Resource usage: CPU=2.5%, Memory=92.0%, Available Memory=0.6GB
2025-04-15 03:32:43,493 - resource_monitor - WARNING - Resource usage: CPU=5.8%, Memory=92.0%, Available Memory=0.6GB
2025-04-15 03:32:44,594 - resource_monitor - WARNING - Resource usage: CPU=10.1%, Memory=92.1%, Available Memory=0.6GB
2025-04-15 03:32:45,698 - resource_monitor - WARNING - Resource usage: CPU=10.5%, Memory=92.1%, Available Memory=0.6GB
2025-04-15 03:32:46,801 - resource_monitor - WARNING - Resource usage: CPU=1.7%, Memory=92.0%, Available Memory=0.6GB
2025-04-15 03:32:47,904 - resource_monitor - WARNING - Resource usage: CPU=2.5%, Memory=92.0%, Available Memory=0.6GB
2025-04-15 03:32:49,007 - resource_monitor - WARNING - Resource usage: CPU=0.0%, Memory=92.0%, Available Memory=0.6GB
2025-04-15 03:32:50,109 - resource_monitor - WARNING - Resource usage: CPU=10.9%, Memory=92.0%, Available Memory=0.6GB
2025-04-15 03:32:51,211 - resource_monitor - WARNING - Resource usage: CPU=13.8%, Memory=92.0%, Available Memory=0.6GB
2025-04-15 03:32:52,313 - resource_monitor - WARNING - Resource usage: CPU=7.9%, Memory=92.0%, Available Memory=0.6GB
2025-04-15 03:32:53,416 - resource_monitor - WARNING - Resource usage: CPU=1.7%, Memory=92.0%, Available Memory=0.6GB
2025-04-15 03:32:54,518 - resource_monitor - WARNING - Resource usage: CPU=1.7%, Memory=92.0%, Available Memory=0.6GB
2025-04-15 03:32:55,620 - resource_monitor - WARNING - Resource usage: CPU=3.4%, Memory=92.1%, Available Memory=0.6GB
2025-04-15 03:32:56,723 - resource_monitor - WARNING - Resource usage: CPU=11.1%, Memory=92.1%, Available Memory=0.6GB
2025-04-15 03:32:57,826 - resource_monitor - WARNING - Resource usage: CPU=5.0%, Memory=92.1%, Available Memory=0.6GB
2025-04-15 03:32:58,928 - resource_monitor - WARNING - Resource usage: CPU=5.9%, Memory=91.8%, Available Memory=0.6GB
2025-04-15 03:33:00,030 - resource_monitor - WARNING - Resource usage: CPU=5.9%, Memory=91.9%, Available Memory=0.6GB
2025-04-15 03:33:01,133 - resource_monitor - WARNING - Resource usage: CPU=5.9%, Memory=92.0%, Available Memory=0.6GB
2025-04-15 03:33:02,237 - resource_monitor - WARNING - Resource usage: CPU=8.8%, Memory=92.1%, Available Memory=0.6GB
2025-04-15 03:33:03,340 - resource_monitor - WARNING - Resource usage: CPU=3.4%, Memory=92.0%, Available Memory=0.6GB
2025-04-15 03:33:04,441 - resource_monitor - WARNING - Resource usage: CPU=14.9%, Memory=92.0%, Available Memory=0.6GB
2025-04-15 03:33:05,544 - resource_monitor - WARNING - Resource usage: CPU=10.5%, Memory=92.0%, Available Memory=0.6GB
2025-04-15 03:33:06,642 - resource_monitor - WARNING - Resource usage: CPU=1.8%, Memory=92.1%, Available Memory=0.6GB
2025-04-15 03:33:07,745 - resource_monitor - WARNING - Resource usage: CPU=8.3%, Memory=91.3%, Available Memory=0.7GB
2025-04-15 03:33:08,848 - resource_monitor - WARNING - Resource usage: CPU=1.7%, Memory=91.4%, Available Memory=0.6GB
2025-04-15 03:33:09,950 - resource_monitor - WARNING - Resource usage: CPU=15.7%, Memory=91.5%, Available Memory=0.6GB
2025-04-15 03:33:11,051 - resource_monitor - WARNING - Resource usage: CPU=0.8%, Memory=91.6%, Available Memory=0.6GB
2025-04-15 03:33:12,152 - resource_monitor - WARNING - Resource usage: CPU=4.9%, Memory=91.6%, Available Memory=0.6GB
2025-04-15 03:33:13,254 - resource_monitor - WARNING - Resource usage: CPU=5.6%, Memory=91.6%, Available Memory=0.6GB
2025-04-15 03:33:14,355 - resource_monitor - WARNING - Resource usage: CPU=2.5%, Memory=91.6%, Available Memory=0.6GB
2025-04-15 03:33:15,458 - resource_monitor - WARNING - Resource usage: CPU=0.8%, Memory=91.6%, Available Memory=0.6GB
2025-04-15 03:33:16,559 - resource_monitor - WARNING - Resource usage: CPU=26.2%, Memory=91.9%, Available Memory=0.6GB
2025-04-15 03:33:17,661 - resource_monitor - WARNING - Resource usage: CPU=6.0%, Memory=91.9%, Available Memory=0.6GB
2025-04-15 03:33:18,764 - resource_monitor - WARNING - Resource usage: CPU=0.9%, Memory=91.9%, Available Memory=0.6GB
2025-04-15 03:33:19,867 - resource_monitor - WARNING - Resource usage: CPU=7.4%, Memory=91.9%, Available Memory=0.6GB
2025-04-15 03:33:20,969 - resource_monitor - WARNING - Resource usage: CPU=0.9%, Memory=92.0%, Available Memory=0.6GB
2025-04-15 03:33:22,073 - resource_monitor - WARNING - Resource usage: CPU=4.2%, Memory=92.0%, Available Memory=0.6GB
2025-04-15 03:33:23,176 - resource_monitor - WARNING - Resource usage: CPU=5.0%, Memory=92.0%, Available Memory=0.6GB
2025-04-15 03:33:24,279 - resource_monitor - WARNING - Resource usage: CPU=1.7%, Memory=92.0%, Available Memory=0.6GB
2025-04-15 03:33:25,382 - resource_monitor - WARNING - Resource usage: CPU=4.9%, Memory=92.1%, Available Memory=0.6GB
2025-04-15 03:33:26,484 - resource_monitor - WARNING - Resource usage: CPU=22.6%, Memory=92.0%, Available Memory=0.6GB
2025-04-15 03:33:27,586 - resource_monitor - WARNING - Resource usage: CPU=16.5%, Memory=91.9%, Available Memory=0.6GB
2025-04-15 03:33:28,689 - resource_monitor - WARNING - Resource usage: CPU=6.8%, Memory=91.9%, Available Memory=0.6GB
2025-04-15 03:33:29,791 - resource_monitor - WARNING - Resource usage: CPU=19.0%, Memory=92.0%, Available Memory=0.6GB
2025-04-15 03:33:30,893 - resource_monitor - WARNING - Resource usage: CPU=1.7%, Memory=92.0%, Available Memory=0.6GB
2025-04-15 03:33:31,995 - resource_monitor - WARNING - Resource usage: CPU=0.0%, Memory=92.0%, Available Memory=0.6GB
2025-04-15 03:33:33,098 - resource_monitor - WARNING - Resource usage: CPU=0.0%, Memory=92.0%, Available Memory=0.6GB
2025-04-15 03:33:34,200 - resource_monitor - WARNING - Resource usage: CPU=10.3%, Memory=92.0%, Available Memory=0.6GB
2025-04-15 03:33:35,303 - resource_monitor - WARNING - Resource usage: CPU=0.0%, Memory=92.0%, Available Memory=0.6GB
2025-04-15 03:33:36,405 - resource_monitor - WARNING - Resource usage: CPU=0.8%, Memory=92.0%, Available Memory=0.6GB
2025-04-15 03:33:37,504 - resource_monitor - WARNING - Resource usage: CPU=0.9%, Memory=92.0%, Available Memory=0.6GB
2025-04-15 03:33:38,607 - resource_monitor - WARNING - Resource usage: CPU=1.7%, Memory=92.0%, Available Memory=0.6GB
2025-04-15 03:33:39,711 - resource_monitor - WARNING - Resource usage: CPU=1.8%, Memory=92.0%, Available Memory=0.6GB
2025-04-15 03:33:40,813 - resource_monitor - WARNING - Resource usage: CPU=4.2%, Memory=91.9%, Available Memory=0.6GB
2025-04-15 03:33:41,917 - resource_monitor - WARNING - Resource usage: CPU=4.2%, Memory=91.9%, Available Memory=0.6GB
2025-04-15 03:33:43,020 - resource_monitor - WARNING - Resource usage: CPU=4.9%, Memory=91.9%, Available Memory=0.6GB
2025-04-15 03:33:44,122 - resource_monitor - WARNING - Resource usage: CPU=3.4%, Memory=91.9%, Available Memory=0.6GB
2025-04-15 03:33:45,225 - resource_monitor - WARNING - Resource usage: CPU=2.5%, Memory=91.9%, Available Memory=0.6GB
2025-04-15 03:33:46,327 - resource_monitor - WARNING - Resource usage: CPU=9.9%, Memory=91.9%, Available Memory=0.6GB
2025-04-15 03:33:47,429 - resource_monitor - WARNING - Resource usage: CPU=0.0%, Memory=91.9%, Available Memory=0.6GB
2025-04-15 03:33:48,531 - resource_monitor - WARNING - Resource usage: CPU=9.2%, Memory=91.9%, Available Memory=0.6GB
2025-04-15 03:33:49,634 - resource_monitor - WARNING - Resource usage: CPU=5.7%, Memory=91.9%, Available Memory=0.6GB
2025-04-15 03:33:50,735 - resource_monitor - WARNING - Resource usage: CPU=7.3%, Memory=91.9%, Available Memory=0.6GB
2025-04-15 03:33:51,837 - resource_monitor - WARNING - Resource usage: CPU=0.0%, Memory=91.9%, Available Memory=0.6GB
2025-04-15 03:33:52,939 - resource_monitor - WARNING - Resource usage: CPU=1.7%, Memory=91.9%, Available Memory=0.6GB
2025-04-15 03:33:54,041 - resource_monitor - WARNING - Resource usage: CPU=2.5%, Memory=91.9%, Available Memory=0.6GB
2025-04-15 03:33:55,142 - resource_monitor - WARNING - Resource usage: CPU=7.4%, Memory=92.0%, Available Memory=0.6GB
2025-04-15 03:33:56,243 - resource_monitor - WARNING - Resource usage: CPU=2.5%, Memory=91.9%, Available Memory=0.6GB
2025-04-15 03:33:57,345 - resource_monitor - WARNING - Resource usage: CPU=4.1%, Memory=91.9%, Available Memory=0.6GB
2025-04-15 03:33:58,449 - resource_monitor - WARNING - Resource usage: CPU=4.1%, Memory=91.9%, Available Memory=0.6GB
2025-04-15 03:33:59,551 - resource_monitor - WARNING - Resource usage: CPU=5.7%, Memory=91.9%, Available Memory=0.6GB
2025-04-15 03:34:00,653 - resource_monitor - WARNING - Resource usage: CPU=1.7%, Memory=91.9%, Available Memory=0.6GB
2025-04-15 03:34:01,755 - resource_monitor - WARNING - Resource usage: CPU=45.0%, Memory=92.0%, Available Memory=0.6GB
2025-04-15 03:34:02,858 - resource_monitor - WARNING - Resource usage: CPU=5.0%, Memory=92.0%, Available Memory=0.6GB
2025-04-15 03:34:03,960 - resource_monitor - WARNING - Resource usage: CPU=4.1%, Memory=92.0%, Available Memory=0.6GB
2025-04-15 03:34:05,063 - resource_monitor - WARNING - Resource usage: CPU=8.5%, Memory=92.0%, Available Memory=0.6GB
2025-04-15 03:34:06,165 - resource_monitor - WARNING - Resource usage: CPU=7.5%, Memory=92.0%, Available Memory=0.6GB
2025-04-15 03:34:07,265 - resource_monitor - WARNING - Resource usage: CPU=1.7%, Memory=92.0%, Available Memory=0.6GB
2025-04-15 03:34:08,367 - resource_monitor - WARNING - Resource usage: CPU=0.8%, Memory=92.0%, Available Memory=0.6GB
2025-04-15 03:34:09,469 - resource_monitor - WARNING - Resource usage: CPU=1.7%, Memory=92.0%, Available Memory=0.6GB
2025-04-15 03:34:10,571 - resource_monitor - WARNING - Resource usage: CPU=0.9%, Memory=92.1%, Available Memory=0.6GB
2025-04-15 03:34:11,674 - resource_monitor - WARNING - Resource usage: CPU=8.9%, Memory=92.1%, Available Memory=0.6GB
2025-04-15 03:34:12,777 - resource_monitor - WARNING - Resource usage: CPU=4.2%, Memory=92.1%, Available Memory=0.6GB
2025-04-15 03:34:13,879 - resource_monitor - WARNING - Resource usage: CPU=5.6%, Memory=92.1%, Available Memory=0.6GB
2025-04-15 03:34:14,980 - resource_monitor - WARNING - Resource usage: CPU=0.0%, Memory=92.1%, Available Memory=0.6GB
2025-04-15 03:34:16,082 - resource_monitor - WARNING - Resource usage: CPU=23.5%, Memory=92.0%, Available Memory=0.6GB
2025-04-15 03:34:17,184 - resource_monitor - WARNING - Resource usage: CPU=29.3%, Memory=92.0%, Available Memory=0.6GB
2025-04-15 03:34:18,288 - resource_monitor - WARNING - Resource usage: CPU=18.5%, Memory=92.1%, Available Memory=0.6GB
2025-04-15 03:34:19,391 - resource_monitor - WARNING - Resource usage: CPU=17.5%, Memory=92.0%, Available Memory=0.6GB
